DEBUG:asyncio:Using proactor: IocpProactor
DEBUG:urllib3.connectionpool:Starting new HTTPS connection (1): pixabay.com:443
DEBUG:urllib3.connectionpool:https://pixabay.com:443 "GET /api/?key=20140696-5eddb214e95c3bc40379d34e3&q=%D0%BF%D1%80%D0%B8%D0%B2%D0%B5%D1%82&lang=ru&image_type=photo HTTP/1.1" 200 None
INFO:root:\u043f\u0440\u0438\u0432\u0435\u0442 saved
DEBUG:urllib3.connectionpool:Starting new HTTPS connection (1): pixabay.com:443
DEBUG:urllib3.connectionpool:https://pixabay.com:443 "GET /api/?key=20140696-5eddb214e95c3bc40379d34e3&q=%D0%BE%D1%87%D0%B5%D0%BD%D1%8C&lang=ru&image_type=photo HTTP/1.1" 200 None
INFO:root:\u043e\u0447\u0435\u043d\u044c saved
DEBUG:urllib3.connectionpool:Starting new HTTPS connection (1): pixabay.com:443
DEBUG:urllib3.connectionpool:https://pixabay.com:443 "GET /api/?key=20140696-5eddb214e95c3bc40379d34e3&q=%D0%B2%D0%B5%D1%81%D0%BD%D0%B0&lang=ru&image_type=photo HTTP/1.1" 200 None
INFO:root:\u0432\u0435\u0441\u043d\u0430 saved
DEBUG:urllib3.connectionpool:Starting new HTTPS connection (1): pixabay.com:443
DEBUG:urllib3.connectionpool:https://pixabay.com:443 "GET /api/?key=20140696-5eddb214e95c3bc40379d34e3&q=%D0%B7%D0%B8%D0%BC%D0%B0&lang=ru&image_type=photo HTTP/1.1" 200 None
INFO:root:\u0437\u0438\u043c\u0430 saved
DEBUG:urllib3.connectionpool:Starting new HTTPS connection (1): pixabay.com:443
DEBUG:urllib3.connectionpool:https://pixabay.com:443 "GET /api/?key=20140696-5eddb214e95c3bc40379d34e3&q=%D0%BB%D0%B5%D1%82%D0%BE&lang=ru&image_type=photo HTTP/1.1" 200 None
INFO:root:\u043b\u0435\u0442\u043e saved
DEBUG:urllib3.connectionpool:Starting new HTTPS connection (1): pixabay.com:443
DEBUG:urllib3.connectionpool:https://pixabay.com:443 "GET /api/?key=20140696-5eddb214e95c3bc40379d34e3&q=%D0%BA%D1%80%D1%83%D1%82%D0%BE&lang=ru&image_type=photo HTTP/1.1" 200 None
INFO:root:\u043a\u0440\u0443\u0442\u043e saved
DEBUG:urllib3.connectionpool:Starting new HTTPS connection (1): pixabay.com:443
DEBUG:urllib3.connectionpool:https://pixabay.com:443 "GET /api/?key=20140696-5eddb214e95c3bc40379d34e3&q=%D0%BE%D0%BF%D1%8F%D1%82%D1%8C&lang=ru&image_type=photo HTTP/1.1" 200 None
INFO:root:\u043e\u043f\u044f\u0442\u044c saved
DEBUG:urllib3.connectionpool:Starting new HTTPS connection (1): pixabay.com:443
DEBUG:urllib3.connectionpool:https://pixabay.com:443 "GET /api/?key=20140696-5eddb214e95c3bc40379d34e3&q=%D0%BA%D0%B0%D0%BD%D0%B8%D0%BA%D1%83%D0%BB%D1%8B&lang=ru&image_type=photo HTTP/1.1" 200 None
INFO:root:\u043a\u0430\u043d\u0438\u043a\u0443\u043b\u044b saved
DEBUG:urllib3.connectionpool:Starting new HTTPS connection (1): pixabay.com:443
DEBUG:urllib3.connectionpool:https://pixabay.com:443 "GET /api/?key=20140696-5eddb214e95c3bc40379d34e3&q=%D0%B2%D1%8B%D1%85%D0%BE%D0%B4%D0%BD%D1%8B%D0%B5&lang=ru&image_type=photo HTTP/1.1" 200 None
INFO:root:\u0432\u044b\u0445\u043e\u0434\u043d\u044b\u0435 saved
DEBUG:urllib3.connectionpool:Starting new HTTPS connection (1): pixabay.com:443
DEBUG:urllib3.connectionpool:https://pixabay.com:443 "GET /api/?key=20140696-5eddb214e95c3bc40379d34e3&q=%D0%B6%D0%B0%D1%80%D0%B0&lang=ru&image_type=photo HTTP/1.1" 200 None
INFO:root:\u0436\u0430\u0440\u0430 saved
DEBUG:urllib3.connectionpool:Starting new HTTPS connection (1): pixabay.com:443
DEBUG:urllib3.connectionpool:https://pixabay.com:443 "GET /api/?key=20140696-5eddb214e95c3bc40379d34e3&q=%D0%BE%D1%82%D0%B4%D1%8B%D1%85&lang=ru&image_type=photo HTTP/1.1" 200 None
INFO:root:\u043e\u0442\u0434\u044b\u0445 saved
DEBUG:urllib3.connectionpool:Starting new HTTPS connection (1): pixabay.com:443
DEBUG:urllib3.connectionpool:https://pixabay.com:443 "GET /api/?key=20140696-5eddb214e95c3bc40379d34e3&q=%D0%B3%D0%B0%D1%80%D0%BD%D0%B8%D1%82%D1%83%D1%80%D0%B0&lang=ru&image_type=photo HTTP/1.1" 200 None
INFO:root:\u0433\u0430\u0440\u043d\u0438\u0442\u0443\u0440\u0430 saved
DEBUG:urllib3.connectionpool:Starting new HTTPS connection (1): pixabay.com:443
DEBUG:urllib3.connectionpool:https://pixabay.com:443 "GET /api/?key=20140696-5eddb214e95c3bc40379d34e3&q=%D0%BA%D0%BB%D0%B0%D0%B2%D0%B8%D0%B0%D1%82%D1%83%D1%80%D0%B0&lang=ru&image_type=photo HTTP/1.1" 200 None
INFO:root:\u043a\u043b\u0430\u0432\u0438\u0430\u0442\u0443\u0440\u0430 saved
DEBUG:urllib3.connectionpool:Starting new HTTPS connection (1): pixabay.com:443
DEBUG:urllib3.connectionpool:https://pixabay.com:443 "GET /api/?key=20140696-5eddb214e95c3bc40379d34e3&q=%D1%83%D0%B3%D0%B0%D1%80&lang=ru&image_type=photo HTTP/1.1" 200 None
INFO:root:\u0443\u0433\u0430\u0440 saved
DEBUG:urllib3.connectionpool:Starting new HTTPS connection (1): pixabay.com:443
DEBUG:urllib3.connectionpool:https://pixabay.com:443 "GET /api/?key=20140696-5eddb214e95c3bc40379d34e3&q=%D0%B7%D0%B0%D0%B3%D0%B0%D1%80&lang=ru&image_type=photo HTTP/1.1" 200 None
INFO:root:\u0437\u0430\u0433\u0430\u0440 saved
DEBUG:urllib3.connectionpool:Starting new HTTPS connection (1): pixabay.com:443
DEBUG:urllib3.connectionpool:https://pixabay.com:443 "GET /api/?key=20140696-5eddb214e95c3bc40379d34e3&q=%D0%BC%D1%83%D0%B6&lang=ru&image_type=photo HTTP/1.1" 200 None
INFO:root:\u043c\u0443\u0436 saved
DEBUG:urllib3.connectionpool:Starting new HTTPS connection (1): pixabay.com:443
DEBUG:urllib3.connectionpool:https://pixabay.com:443 "GET /api/?key=20140696-5eddb214e95c3bc40379d34e3&q=%D1%87%D0%B0%D1%81%D1%8B&lang=ru&image_type=photo HTTP/1.1" 200 None
INFO:root:\u0447\u0430\u0441\u044b saved
DEBUG:urllib3.connectionpool:Starting new HTTPS connection (1): pixabay.com:443
DEBUG:urllib3.connectionpool:https://pixabay.com:443 "GET /api/?key=20140696-5eddb214e95c3bc40379d34e3&q=%D1%82%D0%B5%D0%BB%D0%B5%D1%84%D0%BE%D0%BD&lang=ru&image_type=photo HTTP/1.1" 200 None
INFO:root:\u0442\u0435\u043b\u0435\u0444\u043e\u043d saved
DEBUG:urllib3.connectionpool:Starting new HTTPS connection (1): pixabay.com:443
DEBUG:urllib3.connectionpool:https://pixabay.com:443 "GET /api/?key=20140696-5eddb214e95c3bc40379d34e3&q=%D1%81%D1%82%D0%BE%D0%BB&lang=ru&image_type=photo HTTP/1.1" 200 None
INFO:root:\u0441\u0442\u043e\u043b saved
DEBUG:urllib3.connectionpool:Starting new HTTPS connection (1): pixabay.com:443
DEBUG:urllib3.connectionpool:https://pixabay.com:443 "GET /api/?key=20140696-5eddb214e95c3bc40379d34e3&q=%D0%BB%D0%BE%D0%B6%D0%BA%D0%B0&lang=ru&image_type=photo HTTP/1.1" 200 None
INFO:root:\u043b\u043e\u0436\u043a\u0430 saved
DEBUG:urllib3.connectionpool:Starting new HTTPS connection (1): pixabay.com:443
DEBUG:urllib3.connectionpool:https://pixabay.com:443 "GET /api/?key=20140696-5eddb214e95c3bc40379d34e3&q=%D0%B2%D0%B8%D0%BB%D0%BA%D0%B0&lang=ru&image_type=photo HTTP/1.1" 200 None
INFO:root:\u0432\u0438\u043b\u043a\u0430 saved
DEBUG:urllib3.connectionpool:Starting new HTTPS connection (1): pixabay.com:443
DEBUG:urllib3.connectionpool:https://pixabay.com:443 "GET /api/?key=20140696-5eddb214e95c3bc40379d34e3&q=%D1%82%D0%B5%D0%BB%D0%B5%D0%B2%D0%B8%D0%B7%D0%BE%D1%80&lang=ru&image_type=photo HTTP/1.1" 200 None
INFO:root:\u0442\u0435\u043b\u0435\u0432\u0438\u0437\u043e\u0440 saved
DEBUG:urllib3.connectionpool:Starting new HTTPS connection (1): pixabay.com:443
DEBUG:urllib3.connectionpool:https://pixabay.com:443 "GET /api/?key=20140696-5eddb214e95c3bc40379d34e3&q=%D1%8F%D1%85%D1%82%D0%B0&lang=ru&image_type=photo HTTP/1.1" 200 None
INFO:root:\u044f\u0445\u0442\u0430 saved
DEBUG:urllib3.connectionpool:Starting new HTTPS connection (1): pixabay.com:443
DEBUG:urllib3.connectionpool:https://pixabay.com:443 "GET /api/?key=20140696-5eddb214e95c3bc40379d34e3&q=%D0%BF%D0%B0%D1%80%D1%83%D1%81&lang=ru&image_type=photo HTTP/1.1" 200 None
INFO:root:\u043f\u0430\u0440\u0443\u0441 saved
DEBUG:urllib3.connectionpool:Starting new HTTPS connection (1): pixabay.com:443
DEBUG:urllib3.connectionpool:https://pixabay.com:443 "GET /api/?key=20140696-5eddb214e95c3bc40379d34e3&q=%D0%BB%D0%BE%D1%85&lang=ru&image_type=photo HTTP/1.1" 200 None
INFO:root:\u043b\u043e\u0445 saved
DEBUG:urllib3.connectionpool:Starting new HTTPS connection (1): pixabay.com:443
DEBUG:urllib3.connectionpool:https://pixabay.com:443 "GET /api/?key=20140696-5eddb214e95c3bc40379d34e3&q=%D1%87%D0%B5%D0%B1%D1%83%D1%80%D0%B5%D0%BA&lang=ru&image_type=photo HTTP/1.1" 200 None
INFO:root:\u0447\u0435\u0431\u0443\u0440\u0435\u043a saved
